<?xml version="1.0" encoding="UTF-8"?>
<!-- Generated by org.testng.reporters.JUnitReportReporter -->
<testsuite hostname="MYSHEC335333L" failures="0" tests="1" name="SeleniumBootstrap3.Assignment3.pinVerify" time="146.589" errors="0" timestamp="2020-12-03T12:38:22 IST" skipped="0">
  <testcase classname="SeleniumBootstrap3.Assignment3.pinVerify" name="test" time="146.589"/>
  <system-out/>
</testsuite> <!-- SeleniumBootstrap3.Assignment3.pinVerify -->
