<?xml version="1.0" encoding="UTF-8"?>
<!-- Generated by org.testng.reporters.JUnitReportReporter -->
<testsuite hostname="MYSHEC335333L" failures="0" tests="1" name="SeleniumBootstrap3.Assignment3.bootstrapSelect" time="75.542" errors="0" timestamp="2020-12-03T12:14:38 IST" skipped="0">
  <testcase classname="SeleniumBootstrap3.Assignment3.bootstrapSelect" name="testBootStrap" time="75.542"/>
  <system-out/>
</testsuite> <!-- SeleniumBootstrap3.Assignment3.bootstrapSelect -->
