<?xml version="1.0" encoding="UTF-8"?>
<!-- Generated by org.testng.reporters.JUnitReportReporter -->
<testsuite hostname="MYSHEC335333L" failures="0" tests="1" name="SeleniumBootstrap3.Assignment3.windowPopUp" time="179.780" errors="0" timestamp="2020-12-03T12:32:44 IST" skipped="0">
  <testcase classname="SeleniumBootstrap3.Assignment3.windowPopUp" name="test" time="179.780"/>
  <system-out/>
</testsuite> <!-- SeleniumBootstrap3.Assignment3.windowPopUp -->
