<?xml version="1.0" encoding="UTF-8"?>
<!-- Generated by org.testng.reporters.JUnitReportReporter -->
<testsuite hostname="MYSHEC335333L" failures="0" tests="1" name="SeleniumBootstrap3.Assignment3.readExcel" time="1.139" errors="0" timestamp="2020-12-02T16:34:08 IST" skipped="0">
  <testcase classname="SeleniumBootstrap3.Assignment3.readExcel" name="test" time="1.139"/>
  <system-out/>
</testsuite> <!-- SeleniumBootstrap3.Assignment3.readExcel -->
