<?xml version="1.0" encoding="UTF-8"?>
<!-- Generated by org.testng.reporters.JUnitReportReporter -->
<testsuite hostname="MYSHEC335333L" failures="0" tests="1" name="SeleniumBootstrap3.Assignment3.extentReport" time="44.764" errors="0" timestamp="2020-12-02T10:33:22 IST" skipped="0">
  <testcase classname="SeleniumBootstrap3.Assignment3.extentReport" name="test" time="44.764"/>
  <system-out/>
</testsuite> <!-- SeleniumBootstrap3.Assignment3.extentReport -->
