<?xml version="1.0" encoding="UTF-8"?>
<!-- Generated by org.testng.reporters.JUnitReportReporter -->
<testsuite hostname="MYSHEC335333L" failures="0" tests="1" name="SeleniumBootstrap3.Assignment3.screenshot" time="14.719" errors="0" timestamp="2020-12-03T12:39:25 IST" skipped="0">
  <testcase classname="SeleniumBootstrap3.Assignment3.screenshot" name="test" time="14.719"/>
  <system-out/>
</testsuite> <!-- SeleniumBootstrap3.Assignment3.screenshot -->
