<?xml version="1.0" encoding="UTF-8"?>
<!-- Generated by org.testng.reporters.JUnitReportReporter -->
<testsuite hostname="MYSHEC335333L" failures="0" tests="2" name="SeleniumBootstrap3.Assignment3.dataProvider" time="0.016" errors="0" timestamp="2020-12-02T11:15:53 IST" skipped="0">
  <testcase classname="SeleniumBootstrap3.Assignment3.dataProvider" name="test" time="0.014"/>
  <system-out/>
  <testcase classname="SeleniumBootstrap3.Assignment3.dataProvider" name="test" time="0.002"/>
  <system-out/>
</testsuite> <!-- SeleniumBootstrap3.Assignment3.dataProvider -->
